node.exe : 
[33m[1mWARNING! 
[22mBuild not running 
on Vercel. System 
environment variables 
will not be 
available.[39m
At line:1 char:1
+ & "C:\Program 
Files\nodejs/node.exe" 
"C:\Program 
Files\nodejs/node_mo 
...
+ ~~~~~~~~~~~~~~~~~~~~~
~~~~~~~~~~~~~~~~~~~~~~~
~~~~~~~~~~~~~~~~~~~~~~~
~~
    + CategoryInfo     
         : NotSpecifi  
  ed: ([33m[1mWARN   
 IN...available.[3    
9m:String) [], Rem    
oteException
    + FullyQualifiedEr 
   rorId : NativeComm  
  andError
 
npm warn EBADENGINE 
Unsupported engine {
npm warn EBADENGINE   
package: '@prisma/studi
o-core@0.21.1',
npm warn EBADENGINE   
required: { node: 
'^20.19 || ^22.12 || 
^24.0', pnpm: '8' },
npm warn EBADENGINE   
current: { node: 
'v25.2.1', npm: 
'11.6.2' }
npm warn EBADENGINE }
[?25h[31mError:[39m 
Unable to find lambda 
for route: 
/dashboard/group
